#
# There is insufficient memory for the Java Runtime Environment to continue.
# Native memory allocation (mmap) failed to map 134217728 bytes for committing reserved memory.
# Possible reasons:
#   The system is out of physical RAM or swap space
#   In 32 bit mode, the process size limit was hit
# Possible solutions:
#   Reduce memory load on the system
#   Increase physical memory or swap space
#   Check if swap backing store is full
#   Use 64 bit Java on a 64 bit OS
#   Decrease Java heap size (-Xmx/-Xms)
#   Decrease number of Java threads
#   Decrease Java thread stack sizes (-Xss)
#   Set larger code cache with -XX:ReservedCodeCacheSize=
# This output file may be truncated or incomplete.
#
#  Out of Memory Error (os_linux.cpp:2640), pid=1858, tid=0x00007f0a6a530700
#
# JRE version: Java(TM) SE Runtime Environment (8.0_181-b13) (build 1.8.0_181-b13)
# Java VM: Java HotSpot(TM) 64-Bit Server VM (25.181-b13 mixed mode linux-amd64 compressed oops)
# Failed to write core dump. Core dumps have been disabled. To enable core dumping, try "ulimit -c unlimited" before starting Java again
#

---------------  T H R E A D  ---------------

Current thread (0x00007f0a84079800):  VMThread [stack: 0x00007f0a6a431000,0x00007f0a6a531000] [id=1881]

Stack: [0x00007f0a6a431000,0x00007f0a6a531000],  sp=0x00007f0a6a52efc0,  free space=1015k
Native frames: (J=compiled Java code, j=interpreted, Vv=VM code, C=native code)
V  [libjvm.so+0xad21aa]  VMError::report_and_die()+0x2ba
V  [libjvm.so+0x5022db]  report_vm_out_of_memory(char const*, int, unsigned long, VMErrorType, char const*)+0x8b
V  [libjvm.so+0x92fe33]  os::Linux::commit_memory_impl(char*, unsigned long, bool)+0x123
V  [libjvm.so+0x930059]  os::pd_commit_memory(char*, unsigned long, unsigned long, bool)+0x29
V  [libjvm.so+0x9272ba]  os::commit_memory(char*, unsigned long, unsigned long, bool)+0x2a
V  [libjvm.so+0x99d2e3]  PSVirtualSpace::expand_by(unsigned long)+0x53
V  [libjvm.so+0x99e6e8]  PSYoungGen::resize_generation(unsigned long, unsigned long)+0xf8
V  [libjvm.so+0x99d842]  PSYoungGen::resize(unsigned long, unsigned long)+0x22
V  [libjvm.so+0x99ab1b]  PSScavenge::invoke_no_policy()+0xf3b
V  [libjvm.so+0x99b2a1]  PSScavenge::invoke()+0x41
V  [libjvm.so+0x951d70]  ParallelScavengeHeap::failed_mem_allocate(unsigned long)+0x70
V  [libjvm.so+0xad3c27]  VM_ParallelGCFailedAllocation::doit()+0x97
V  [libjvm.so+0xadb745]  VM_Operation::evaluate()+0x55
V  [libjvm.so+0xad9b0a]  VMThread::evaluate_operation(VM_Operation*)+0xba
V  [libjvm.so+0xad9e8e]  VMThread::loop()+0x1ce
V  [libjvm.so+0xada300]  VMThread::run()+0x70
V  [libjvm.so+0x930198]  java_start(Thread*)+0x108

VM_Operation (0x00007f0a8ae04af0): ParallelGCFailedAllocation, mode: safepoint, requested by thread 0x00007f0a8400b000


---------------  P R O C E S S  ---------------

Java Threads: ( => current thread )
  0x00007f0a840c9800 JavaThread "Service Thread" daemon [_thread_blocked, id=1888, stack(0x00007f0a6935a000,0x00007f0a6945b000)]
  0x00007f0a840be800 JavaThread "C1 CompilerThread2" daemon [_thread_blocked, id=1887, stack(0x00007f0a6945c000,0x00007f0a6955c000)]
  0x00007f0a840bc800 JavaThread "C2 CompilerThread1" daemon [_thread_blocked, id=1886, stack(0x00007f0a6955d000,0x00007f0a6965d000)]
  0x00007f0a840ba000 JavaThread "C2 CompilerThread0" daemon [_thread_blocked, id=1885, stack(0x00007f0a6965e000,0x00007f0a6975e000)]
  0x00007f0a840b8800 JavaThread "Signal Dispatcher" daemon [_thread_blocked, id=1884, stack(0x00007f0a6975e000,0x00007f0a6985f000)]
  0x00007f0a84085800 JavaThread "Finalizer" daemon [_thread_blocked, id=1883, stack(0x00007f0a6a22e000,0x00007f0a6a32f000)]
  0x00007f0a84083000 JavaThread "Reference Handler" daemon [_thread_blocked, id=1882, stack(0x00007f0a6a32f000,0x00007f0a6a430000)]
  0x00007f0a8400b000 JavaThread "main" [_thread_blocked, id=1876, stack(0x00007f0a8ad09000,0x00007f0a8ae09000)]

Other Threads:
=>0x00007f0a84079800 VMThread [stack: 0x00007f0a6a431000,0x00007f0a6a531000] [id=1881]
  0x00007f0a840ce800 WatcherThread [stack: 0x00007f0a6925a000,0x00007f0a6935a000] [id=1889]

VM state:at safepoint (normal execution)

VM Mutex/Monitor currently owned by a thread:  ([mutex/lock_event])
[0x00007f0a84007b80] Threads_lock - owner thread: 0x00007f0a84079800
[0x00007f0a84008080] Heap_lock - owner thread: 0x00007f0a8400b000

Heap:
 PSYoungGen      total 134656K, used 13312K [0x00000000d8000000, 0x00000000e1200000, 0x0000000100000000)
  eden space 121344K, 0% used [0x00000000d8000000,0x00000000d8000000,0x00000000df680000)
  from space 13312K, 100% used [0x00000000df680000,0x00000000e0380000,0x00000000e0380000)
  to   space 11776K, 0% used [0x00000000e0380000,0x00000000e0380000,0x00000000e0f00000)
 ParOldGen       total 81920K, used 18319K [0x0000000088000000, 0x000000008d000000, 0x00000000d8000000)
  object space 81920K, 22% used [0x0000000088000000,0x00000000891e3d10,0x000000008d000000)
 Metaspace       used 17606K, capacity 17966K, committed 18304K, reserved 1064960K
  class space    used 2033K, capacity 2146K, committed 2176K, reserved 1048576K

Card table byte_map: [0x00007f0a74451000,0x00007f0a74812000] byte_map_base: 0x00007f0a74011000

Marking Bits: (ParMarkBitMap*) 0x00007f0a8a1a40a0
 Begin Bits: [0x00007f0a702ce000, 0x00007f0a720ce000)
 End Bits:   [0x00007f0a720ce000, 0x00007f0a73ece000)

Polling page: 0x00007f0a8ae1f000

CodeCache: size=245760Kb used=11744Kb max_used=11756Kb free=234016Kb
 bounds [0x00007f0a74bd2000, 0x00007f0a75762000, 0x00007f0a83bd2000]
 total_blobs=3868 nmethods=3529 adapters=252
 compilation: enabled

Compilation events (10 events):
Event: 6.117 Thread 0x00007f0a840bc800 nmethod 3542 0x00007f0a7574e5d0 code [0x00007f0a7574e720, 0x00007f0a7574e838]
Event: 6.123 Thread 0x00007f0a840ba000 nmethod 3553 0x00007f0a75754dd0 code [0x00007f0a75755080, 0x00007f0a757565a0]
Event: 6.129 Thread 0x00007f0a840bc800 3559 %     4       org.apache.maven.model.interpolation.StringSearchModelInterpolator$InterpolateObjectAction::run @ 0 (32 bytes)
Event: 6.138 Thread 0x00007f0a840bc800 nmethod 3559% 0x00007f0a757446d0 code [0x00007f0a75744840, 0x00007f0a757449a8]
Event: 6.147 Thread 0x00007f0a840ba000 3560       4       org.apache.maven.model.merge.MavenModelMerger::mergePlugin_Executions (235 bytes)
Event: 6.147 Thread 0x00007f0a840bc800 3561       4       org.apache.maven.model.inheritance.DefaultInheritanceAssembler$InheritanceModelMerger::mergePlugin (71 bytes)
Event: 6.150 Thread 0x00007f0a840be800 3563       3       org.eclipse.aether.util.graph.selector.AndDependencySelector::equals (47 bytes)
Event: 6.151 Thread 0x00007f0a840be800 nmethod 3563 0x00007f0a75743dd0 code [0x00007f0a75743f60, 0x00007f0a75744558]
Event: 6.164 Thread 0x00007f0a840be800 3569       1       org.apache.maven.building.FileSource::getFile (5 bytes)
Event: 6.164 Thread 0x00007f0a840be800 nmethod 3569 0x00007f0a757358d0 code [0x00007f0a75735a20, 0x00007f0a75735b30]

GC Heap History (10 events):
Event: 1.292 GC heap after
Heap after GC invocations=2 (full 0):
 PSYoungGen      total 35840K, used 5104K [0x00000000d8000000, 0x00000000da800000, 0x0000000100000000)
  eden space 30720K, 0% used [0x00000000d8000000,0x00000000d8000000,0x00000000d9e00000)
  from space 5120K, 99% used [0x00000000da300000,0x00000000da7fc348,0x00000000da800000)
  to   space 5120K, 0% used [0x00000000d9e00000,0x00000000d9e00000,0x00000000da300000)
 ParOldGen       total 81920K, used 1524K [0x0000000088000000, 0x000000008d000000, 0x00000000d8000000)
  object space 81920K, 1% used [0x0000000088000000,0x000000008817d380,0x000000008d000000)
 Metaspace       used 11475K, capacity 11618K, committed 11776K, reserved 1058816K
  class space    used 1438K, capacity 1507K, committed 1536K, reserved 1048576K
}
Event: 1.981 GC heap before
{Heap before GC invocations=3 (full 0):
 PSYoungGen      total 35840K, used 35824K [0x00000000d8000000, 0x00000000da800000, 0x0000000100000000)
  eden space 30720K, 100% used [0x00000000d8000000,0x00000000d9e00000,0x00000000d9e00000)
  from space 5120K, 99% used [0x00000000da300000,0x00000000da7fc348,0x00000000da800000)
  to   space 5120K, 0% used [0x00000000d9e00000,0x00000000d9e00000,0x00000000da300000)
 ParOldGen       total 81920K, used 1524K [0x0000000088000000, 0x000000008d000000, 0x00000000d8000000)
  object space 81920K, 1% used [0x0000000088000000,0x000000008817d380,0x000000008d000000)
 Metaspace       used 14366K, capacity 14570K, committed 14720K, reserved 1062912K
  class space    used 1801K, capacity 1904K, committed 1920K, reserved 1048576K
Event: 1.989 GC heap after
Heap after GC invocations=3 (full 0):
 PSYoungGen      total 35840K, used 5091K [0x00000000d8000000, 0x00000000dc600000, 0x0000000100000000)
  eden space 30720K, 0% used [0x00000000d8000000,0x00000000d8000000,0x00000000d9e00000)
  from space 5120K, 99% used [0x00000000d9e00000,0x00000000da2f8cd8,0x00000000da300000)
  to   space 5120K, 0% used [0x00000000dc100000,0x00000000dc100000,0x00000000dc600000)
 ParOldGen       total 81920K, used 1986K [0x0000000088000000, 0x000000008d000000, 0x00000000d8000000)
  object space 81920K, 2% used [0x0000000088000000,0x00000000881f0920,0x000000008d000000)
 Metaspace       used 14366K, capacity 14570K, committed 14720K, reserved 1062912K
  class space    used 1801K, capacity 1904K, committed 1920K, reserved 1048576K
}
Event: 2.470 GC heap before
{Heap before GC invocations=4 (full 0):
 PSYoungGen      total 35840K, used 35811K [0x00000000d8000000, 0x00000000dc600000, 0x0000000100000000)
  eden space 30720K, 100% used [0x00000000d8000000,0x00000000d9e00000,0x00000000d9e00000)
  from space 5120K, 99% used [0x00000000d9e00000,0x00000000da2f8cd8,0x00000000da300000)
  to   space 5120K, 0% used [0x00000000dc100000,0x00000000dc100000,0x00000000dc600000)
 ParOldGen       total 81920K, used 1986K [0x0000000088000000, 0x000000008d000000, 0x00000000d8000000)
  object space 81920K, 2% used [0x0000000088000000,0x00000000881f0920,0x000000008d000000)
 Metaspace       used 16083K, capacity 16272K, committed 16384K, reserved 1062912K
  class space    used 1968K, capacity 2038K, committed 2048K, reserved 1048576K
Event: 2.487 GC heap after
Heap after GC invocations=4 (full 0):
 PSYoungGen      total 66560K, used 5088K [0x00000000d8000000, 0x00000000dc600000, 0x0000000100000000)
  eden space 61440K, 0% used [0x00000000d8000000,0x00000000d8000000,0x00000000dbc00000)
  from space 5120K, 99% used [0x00000000dc100000,0x00000000dc5f8020,0x00000000dc600000)
  to   space 5120K, 0% used [0x00000000dbc00000,0x00000000dbc00000,0x00000000dc100000)
 ParOldGen       total 81920K, used 5337K [0x0000000088000000, 0x000000008d000000, 0x00000000d8000000)
  object space 81920K, 6% used [0x0000000088000000,0x00000000885365e0,0x000000008d000000)
 Metaspace       used 16083K, capacity 16272K, committed 16384K, reserved 1062912K
  class space    used 1968K, capacity 2038K, committed 2048K, reserved 1048576K
}
Event: 3.071 GC heap before
{Heap before GC invocations=5 (full 0):
 PSYoungGen      total 66560K, used 66528K [0x00000000d8000000, 0x00000000dc600000, 0x0000000100000000)
  eden space 61440K, 100% used [0x00000000d8000000,0x00000000dbc00000,0x00000000dbc00000)
  from space 5120K, 99% used [0x00000000dc100000,0x00000000dc5f8020,0x00000000dc600000)
  to   space 5120K, 0% used [0x00000000dbc00000,0x00000000dbc00000,0x00000000dc100000)
 ParOldGen       total 81920K, used 5337K [0x0000000088000000, 0x000000008d000000, 0x00000000d8000000)
  object space 81920K, 6% used [0x0000000088000000,0x00000000885365e0,0x000000008d000000)
 Metaspace       used 16727K, capacity 17020K, committed 17280K, reserved 1064960K
  class space    used 1997K, capacity 2072K, committed 2176K, reserved 1048576K
Event: 3.101 GC heap after
Heap after GC invocations=5 (full 0):
 PSYoungGen      total 66560K, used 5104K [0x00000000d8000000, 0x00000000e0f00000, 0x0000000100000000)
  eden space 61440K, 0% used [0x00000000d8000000,0x00000000d8000000,0x00000000dbc00000)
  from space 5120K, 99% used [0x00000000dbc00000,0x00000000dc0fc030,0x00000000dc100000)
  to   space 11776K, 0% used [0x00000000e0380000,0x00000000e0380000,0x00000000e0f00000)
 ParOldGen       total 81920K, used 11544K [0x0000000088000000, 0x000000008d000000, 0x00000000d8000000)
  object space 81920K, 14% used [0x0000000088000000,0x0000000088b46378,0x000000008d000000)
 Metaspace       used 16727K, capacity 17020K, committed 17280K, reserved 1064960K
  class space    used 1997K, capacity 2072K, committed 2176K, reserved 1048576K
}
Event: 3.617 GC heap before
{Heap before GC invocations=6 (full 0):
 PSYoungGen      total 66560K, used 66544K [0x00000000d8000000, 0x00000000e0f00000, 0x0000000100000000)
  eden space 61440K, 100% used [0x00000000d8000000,0x00000000dbc00000,0x00000000dbc00000)
  from space 5120K, 99% used [0x00000000dbc00000,0x00000000dc0fc030,0x00000000dc100000)
  to   space 11776K, 0% used [0x00000000e0380000,0x00000000e0380000,0x00000000e0f00000)
 ParOldGen       total 81920K, used 11544K [0x0000000088000000, 0x000000008d000000, 0x00000000d8000000)
  object space 81920K, 14% used [0x0000000088000000,0x0000000088b46378,0x000000008d000000)
 Metaspace       used 17037K, capacity 17276K, committed 17536K, reserved 1064960K
  class space    used 2015K, capacity 2111K, committed 2176K, reserved 1048576K
Event: 3.638 GC heap after
Heap after GC invocations=6 (full 0):
 PSYoungGen      total 133120K, used 11561K [0x00000000d8000000, 0x00000000e1200000, 0x0000000100000000)
  eden space 121344K, 0% used [0x00000000d8000000,0x00000000d8000000,0x00000000df680000)
  from space 11776K, 98% used [0x00000000e0380000,0x00000000e0eca7d8,0x00000000e0f00000)
  to   space 13312K, 0% used [0x00000000df680000,0x00000000df680000,0x00000000e0380000)
 ParOldGen       total 81920K, used 11552K [0x0000000088000000, 0x000000008d000000, 0x00000000d8000000)
  object space 81920K, 14% used [0x0000000088000000,0x0000000088b48378,0x000000008d000000)
 Metaspace       used 17037K, capacity 17276K, committed 17536K, reserved 1064960K
  class space    used 2015K, capacity 2111K, committed 2176K, reserved 1048576K
}
Event: 6.333 GC heap before
{Heap before GC invocations=7 (full 0):
 PSYoungGen      total 133120K, used 132905K [0x00000000d8000000, 0x00000000e1200000, 0x0000000100000000)
  eden space 121344K, 100% used [0x00000000d8000000,0x00000000df680000,0x00000000df680000)
  from space 11776K, 98% used [0x00000000e0380000,0x00000000e0eca7d8,0x00000000e0f00000)
  to   space 13312K, 0% used [0x00000000df680000,0x00000000df680000,0x00000000e0380000)
 ParOldGen       total 81920K, used 11552K [0x0000000088000000, 0x000000008d000000, 0x00000000d8000000)
  object space 81920K, 14% used [0x0000000088000000,0x0000000088b48378,0x000000008d000000)
 Metaspace       used 17606K, capacity 17966K, committed 18304K, reserved 1064960K
  class space    used 2033K, capacity 2146K, committed 2176K, reserved 1048576K

Deoptimization events (10 events):
Event: 3.339 Thread 0x00007f0a8400b000 Uncommon trap: reason=null_check action=make_not_entrant pc=0x00007f0a754a6240 method=org.apache.maven.model.io.xpp3.MavenXpp3Reader.checkFieldWithDuplicate(Lorg/codehaus/plexus/util/xml/pull/XmlPullParser;Ljava/lang/String;Ljava/lang/String;Ljava/util/Se
Event: 3.606 Thread 0x00007f0a8400b000 Uncommon trap: reason=unstable_if action=reinterpret pc=0x00007f0a7526e110 method=java.util.LinkedHashMap.afterNodeInsertion(Z)V @ 18
Event: 4.141 Thread 0x00007f0a8400b000 Uncommon trap: reason=unstable_if action=reinterpret pc=0x00007f0a75585c80 method=org.codehaus.plexus.interpolation.StringSearchInterpolator.interpolate(Ljava/lang/String;Lorg/codehaus/plexus/interpolation/RecursionInterceptor;Ljava/util/Set;)Ljava/lang/S
Event: 4.164 Thread 0x00007f0a8400b000 Uncommon trap: reason=speculate_class_check action=maybe_recompile pc=0x00007f0a75599e40 method=java.nio.charset.CharsetDecoder.decode(Ljava/nio/ByteBuffer;Ljava/nio/CharBuffer;Z)Ljava/nio/charset/CoderResult; @ 57
Event: 4.165 Thread 0x00007f0a8400b000 Uncommon trap: reason=speculate_class_check action=maybe_recompile pc=0x00007f0a75599e40 method=java.nio.charset.CharsetDecoder.decode(Ljava/nio/ByteBuffer;Ljava/nio/CharBuffer;Z)Ljava/nio/charset/CoderResult; @ 57
Event: 4.165 Thread 0x00007f0a8400b000 Uncommon trap: reason=speculate_class_check action=maybe_recompile pc=0x00007f0a75599e40 method=java.nio.charset.CharsetDecoder.decode(Ljava/nio/ByteBuffer;Ljava/nio/CharBuffer;Z)Ljava/nio/charset/CoderResult; @ 57
Event: 4.173 Thread 0x00007f0a8400b000 Uncommon trap: reason=speculate_class_check action=maybe_recompile pc=0x00007f0a75599e40 method=java.nio.charset.CharsetDecoder.decode(Ljava/nio/ByteBuffer;Ljava/nio/CharBuffer;Z)Ljava/nio/charset/CoderResult; @ 57
Event: 4.408 Thread 0x00007f0a8400b000 Uncommon trap: reason=null_check action=make_not_entrant pc=0x00007f0a75622490 method=org.apache.maven.model.validation.DefaultModelValidator.validateEffectiveDependency(Lorg/apache/maven/model/building/ModelProblemCollector;Lorg/apache/maven/model/Depend
Event: 4.771 Thread 0x00007f0a8400b000 Uncommon trap: reason=unstable_if action=reinterpret pc=0x00007f0a74f5cd14 method=java.util.HashMap.getNode(ILjava/lang/Object;)Ljava/util/HashMap$Node; @ 53
Event: 4.773 Thread 0x00007f0a8400b000 Uncommon trap: reason=unstable_if action=reinterpret pc=0x00007f0a75402d34 method=java.util.IdentityHashMap.nextKeyIndex(II)I @ 4

Classes redefined (0 events):
No events

Internal exceptions (10 events):
Event: 2.048 Thread 0x00007f0a8400b000 Exception <a 'java/lang/NullPointerException'> (0x00000000d8379d58) thrown at [/HUDSON/workspace/8-2-build-linux-amd64/jdk8u181/11358/hotspot/src/share/vm/interpreter/linkResolver.cpp, line 1185]
Event: 2.048 Thread 0x00007f0a8400b000 Exception <a 'java/lang/NullPointerException'> (0x00000000d8379f70) thrown at [/HUDSON/workspace/8-2-build-linux-amd64/jdk8u181/11358/hotspot/src/share/vm/interpreter/linkResolver.cpp, line 1185]
Event: 2.076 Thread 0x00007f0a8400b000 Implicit null exception at 0x00007f0a74e23df5 to 0x00007f0a74e241a5
Event: 2.076 Thread 0x00007f0a8400b000 Implicit null exception at 0x00007f0a74dc26f6 to 0x00007f0a74dc2aa9
Event: 2.393 Thread 0x00007f0a8400b000 Implicit null exception at 0x00007f0a752acc1e to 0x00007f0a752ad5a5
Event: 3.048 Thread 0x00007f0a8400b000 Implicit null exception at 0x00007f0a74f6cb35 to 0x00007f0a74f6cd3d
Event: 3.048 Thread 0x00007f0a8400b000 Implicit null exception at 0x00007f0a74f08cef to 0x00007f0a74f08d59
Event: 3.122 Thread 0x00007f0a8400b000 Implicit null exception at 0x00007f0a750001fb to 0x00007f0a75000695
Event: 3.339 Thread 0x00007f0a8400b000 Implicit null exception at 0x00007f0a754a58db to 0x00007f0a754a6231
Event: 4.408 Thread 0x00007f0a8400b000 Implicit null exception at 0x00007f0a75618dae to 0x00007f0a75622481

Events (10 events):
Event: 5.077 Executing VM operation: ForceSafepoint done
Event: 5.408 loading class com/google/inject/internal/InternalContext$1
Event: 5.427 loading class com/google/inject/internal/InternalContext$1 done
Event: 5.744 Executing VM operation: RevokeBias
Event: 5.791 Executing VM operation: RevokeBias done
Event: 5.793 Thread 0x00007f0a8400b000 DEOPT PACKING pc=0x00007f0a7536c456 sp=0x00007f0a8ae04cd0
Event: 5.795 Thread 0x00007f0a8400b000 DEOPT UNPACKING pc=0x00007f0a74c19784 sp=0x00007f0a8ae04a38 mode 0
Event: 6.158 Thread 0x00007f0a8400b000 DEOPT PACKING pc=0x00007f0a751e70bd sp=0x00007f0a8ae04ef0
Event: 6.158 Thread 0x00007f0a8400b000 DEOPT UNPACKING pc=0x00007f0a74c19784 sp=0x00007f0a8ae04c60 mode 0
Event: 6.317 Executing VM operation: ParallelGCFailedAllocation


Dynamic libraries:
00400000-00401000 r-xp 00000000 08:05 14164400                           /usr/lib/jvm/java-8-oracle/bin/java
00600000-00601000 rw-p 00000000 08:05 14164400                           /usr/lib/jvm/java-8-oracle/bin/java
01a86000-01aa7000 rw-p 00000000 00:00 0                                  [heap]
88000000-8d000000 rw-p 00000000 00:00 0 
8d000000-d8000000 ---p 00000000 00:00 0 
d8000000-e1200000 rw-p 00000000 00:00 0 
e9200000-100000000 ---p 00000000 00:00 0 
100000000-100220000 rw-p 00000000 00:00 0 
100220000-140000000 ---p 00000000 00:00 0 
7f0a34000000-7f0a34021000 rw-p 00000000 00:00 0 
7f0a34021000-7f0a38000000 ---p 00000000 00:00 0 
7f0a38000000-7f0a38021000 rw-p 00000000 00:00 0 
7f0a38021000-7f0a3c000000 ---p 00000000 00:00 0 
7f0a3c000000-7f0a3cf90000 rw-p 00000000 00:00 0 
7f0a3cf90000-7f0a40000000 ---p 00000000 00:00 0 
7f0a40000000-7f0a40ffa000 rw-p 00000000 00:00 0 
7f0a40ffa000-7f0a44000000 ---p 00000000 00:00 0 
7f0a44000000-7f0a44021000 rw-p 00000000 00:00 0 
7f0a44021000-7f0a48000000 ---p 00000000 00:00 0 
7f0a48000000-7f0a492fc000 rw-p 00000000 00:00 0 
7f0a492fc000-7f0a4c000000 ---p 00000000 00:00 0 
7f0a4c000000-7f0a4c021000 rw-p 00000000 00:00 0 
7f0a4c021000-7f0a50000000 ---p 00000000 00:00 0 
7f0a50000000-7f0a50021000 rw-p 00000000 00:00 0 
7f0a50021000-7f0a54000000 ---p 00000000 00:00 0 
7f0a54000000-7f0a54021000 rw-p 00000000 00:00 0 
7f0a54021000-7f0a58000000 ---p 00000000 00:00 0 
7f0a58000000-7f0a58293000 rw-p 00000000 00:00 0 
7f0a58293000-7f0a5c000000 ---p 00000000 00:00 0 
7f0a5c000000-7f0a5c021000 rw-p 00000000 00:00 0 
7f0a5c021000-7f0a60000000 ---p 00000000 00:00 0 
7f0a64000000-7f0a64021000 rw-p 00000000 00:00 0 
7f0a64021000-7f0a68000000 ---p 00000000 00:00 0 
7f0a685d7000-7f0a68797000 rw-p 00000000 00:00 0 
7f0a68797000-7f0a687d7000 ---p 00000000 00:00 0 
7f0a687d7000-7f0a687e8000 r-xp 00000000 08:05 14424139                   /usr/lib/jvm/java-8-oracle/jre/lib/amd64/libnio.so
7f0a687e8000-7f0a689e7000 ---p 00011000 08:05 14424139                   /usr/lib/jvm/java-8-oracle/jre/lib/amd64/libnio.so
7f0a689e7000-7f0a689e8000 rw-p 00010000 08:05 14424139                   /usr/lib/jvm/java-8-oracle/jre/lib/amd64/libnio.so
7f0a689e8000-7f0a689fe000 r-xp 00000000 08:05 14424136                   /usr/lib/jvm/java-8-oracle/jre/lib/amd64/libnet.so
7f0a689fe000-7f0a68bfe000 ---p 00016000 08:05 14424136                   /usr/lib/jvm/java-8-oracle/jre/lib/amd64/libnet.so
7f0a68bfe000-7f0a68bff000 rw-p 00016000 08:05 14424136                   /usr/lib/jvm/java-8-oracle/jre/lib/amd64/libnet.so
7f0a68bff000-7f0a68c04000 r--s 0009d000 08:05 14424081                   /usr/lib/jvm/java-8-oracle/jre/lib/jsse.jar
7f0a68c04000-7f0a68e04000 rw-p 00000000 00:00 0 
7f0a68e04000-7f0a69004000 rw-p 00000000 00:00 0 
7f0a69004000-7f0a69204000 rw-p 00000000 00:00 0 
7f0a69204000-7f0a69206000 r--s 00008000 08:05 14551082                   /usr/share/java/maven-resolver-connector-basic.jar
7f0a69206000-7f0a6920d000 r--s 00054000 08:05 14551132                   /usr/share/java/sisu-inject.jar
7f0a6920d000-7f0a69214000 r--s 00042000 08:05 14551138                   /usr/share/java/maven3-compat.jar
7f0a69214000-7f0a69215000 r--s 00001000 08:05 14551035                   /usr/share/java/geronimo-interceptor-3.0-spec.jar
7f0a69215000-7f0a69216000 r--s 00000000 08:05 14551020                   /usr/share/java/atinject-jsr330-api-1.0.jar
7f0a69216000-7f0a69219000 r--s 0000e000 08:05 14551037                   /usr/share/java/cdi-api.jar
7f0a69219000-7f0a6921a000 r--s 00000000 08:05 14551020                   /usr/share/java/atinject-jsr330-api-1.0.jar
7f0a6921a000-7f0a6921c000 r--s 0000a000 08:05 14551143                   /usr/share/java/maven3-plugin-api.jar
7f0a6921c000-7f0a6921d000 r--s 00002000 08:05 14551045                   /usr/share/java/geronimo-annotation-1.3-spec.jar
7f0a6921d000-7f0a6922a000 r--s 0008d000 08:05 14551139                   /usr/share/java/maven3-core.jar
7f0a6922a000-7f0a6922c000 r--s 00003000 08:05 14551112                   /usr/share/java/jcl-over-slf4j.jar
7f0a6922c000-7f0a69259000 r--s 001ce000 08:05 14551177                   /usr/share/java/wagon-http-shaded-3.0.0.jar
7f0a69259000-7f0a6925a000 ---p 00000000 00:00 0 
7f0a6925a000-7f0a6935a000 rw-p 00000000 00:00 0 
7f0a6935a000-7f0a6935d000 ---p 00000000 00:00 0 
7f0a6935d000-7f0a6945b000 rw-p 00000000 00:00 0 
7f0a6945b000-7f0a6945c000 ---p 00000000 00:00 0 
7f0a6945c000-7f0a6945f000 ---p 00000000 00:00 0 
7f0a6945f000-7f0a6955c000 rw-p 00000000 00:00 0 
7f0a6955c000-7f0a6955d000 ---p 00000000 00:00 0 
7f0a6955d000-7f0a69560000 ---p 00000000 00:00 0 
7f0a69560000-7f0a6965d000 rw-p 00000000 00:00 0 
7f0a6965d000-7f0a6965e000 ---p 00000000 00:00 0 
7f0a6965e000-7f0a69661000 ---p 00000000 00:00 0 
7f0a69661000-7f0a6975e000 rw-p 00000000 00:00 0 
7f0a6975e000-7f0a69761000 ---p 00000000 00:00 0 
7f0a69761000-7f0a6985f000 rw-p 00000000 00:00 0 
7f0a6985f000-7f0a6a22e000 r--p 00000000 08:05 14162446                   /usr/lib/locale/locale-archive
7f0a6a22e000-7f0a6a231000 ---p 00000000 00:00 0 
7f0a6a231000-7f0a6a32f000 rw-p 00000000 00:00 0 
7f0a6a32f000-7f0a6a332000 ---p 00000000 00:00 0 
7f0a6a332000-7f0a6a430000 rw-p 00000000 00:00 0 
7f0a6a430000-7f0a6a431000 ---p 00000000 00:00 0 
7f0a6a431000-7f0a6c000000 rw-p 00000000 00:00 0 
7f0a6c000000-7f0a6c021000 rw-p 00000000 00:00 0 
7f0a6c021000-7f0a70000000 ---p 00000000 00:00 0 
7f0a70000000-7f0a70003000 r--s 00015000 08:05 14551140                   /usr/share/java/maven3-embedder.jar
7f0a70003000-7f0a70005000 r--s 00009000 08:05 14551115                   /usr/share/java/slf4j-api.jar
7f0a70005000-7f0a70009000 r--s 0003b000 08:05 14551077                   /usr/share/java/plexus-utils2.jar
7f0a70009000-7f0a7000b000 r--s 00007000 08:05 14551075                   /usr/share/java/jansi.jar
7f0a7000b000-7f0a7000e000 r--s 00011000 08:05 14551108                   /usr/share/java/plexus-interpolation.jar
7f0a7000e000-7f0a70012000 r--s 0001f000 08:05 14551081                   /usr/share/java/maven-resolver-api.jar
7f0a70012000-7f0a70014000 r--s 00006000 08:05 14551110                   /usr/share/java/plexus-sec-dispatcher.jar
7f0a70014000-7f0a70017000 r--s 0000a000 08:05 14551136                   /usr/share/java/maven3-artifact.jar
7f0a70017000-7f0a7001d000 r--s 0002d000 08:05 14551134                   /usr/share/java/sisu-plexus.jar
7f0a7001d000-7f0a7001f000 r--s 0000e000 08:05 14551145                   /usr/share/java/maven3-resolver-provider.jar
7f0a7001f000-7f0a70021000 r--s 0000a000 08:05 14551039                   /usr/share/java/commons-cli.jar
7f0a70021000-7f0a70023000 r--s 00008000 08:05 14551146                   /usr/share/java/maven3-settings-builder.jar
7f0a70023000-7f0a70025000 r--s 00000000 08:05 14551105                   /usr/share/java/plexus-component-annotations.jar
7f0a70025000-7f0a70027000 r--s 00006000 08:05 14551084                   /usr/share/java/maven-resolver-spi.jar
7f0a70027000-7f0a70029000 r--s 00005000 08:05 14551088                   /usr/share/java/maven-resolver-transport-wagon.jar
7f0a70029000-7f0a70037000 r--s 0009a000 08:05 14551061                   /usr/share/java/guice.jar
7f0a70037000-7f0a70063000 r--s 00208000 08:05 14551049                   /usr/share/java/guava.jar
7f0a70063000-7f0a700f4000 rw-p 00000000 00:00 0 
7f0a700f4000-7f0a702ce000 r--s 03d6b000 08:05 14424076                   /usr/lib/jvm/java-8-oracle/jre/lib/rt.jar
7f0a702ce000-7f0a73ece000 rw-p 00000000 00:00 0 
7f0a73ece000-7f0a73ecf000 ---p 00000000 00:00 0 
7f0a73ecf000-7f0a73fcf000 rw-p 00000000 00:00 0 
7f0a73fcf000-7f0a73fd0000 ---p 00000000 00:00 0 
7f0a73fd0000-7f0a740d0000 rw-p 00000000 00:00 0 
7f0a740d0000-7f0a740d1000 ---p 00000000 00:00 0 
7f0a740d1000-7f0a741f9000 rw-p 00000000 00:00 0 
7f0a741f9000-7f0a74451000 ---p 00000000 00:00 0 
7f0a74451000-7f0a74479000 rw-p 00000000 00:00 0 
7f0a74479000-7f0a746d1000 ---p 00000000 00:00 0 
7f0a746d1000-7f0a7471a000 rw-p 00000000 00:00 0 
7f0a7471a000-7f0a74811000 ---p 00000000 00:00 0 
7f0a74811000-7f0a74841000 rw-p 00000000 00:00 0 
7f0a74841000-7f0a74bd2000 ---p 00000000 00:00 0 
7f0a74bd2000-7f0a75762000 rwxp 00000000 00:00 0 
7f0a75762000-7f0a83bd2000 ---p 00000000 00:00 0 
7f0a83bd2000-7f0a83bed000 r-xp 00000000 08:05 14424132                   /usr/lib/jvm/java-8-oracle/jre/lib/amd64/libzip.so
7f0a83bed000-7f0a83ded000 ---p 0001b000 08:05 14424132                   /usr/lib/jvm/java-8-oracle/jre/lib/amd64/libzip.so
7f0a83ded000-7f0a83dee000 rw-p 0001b000 08:05 14424132                   /usr/lib/jvm/java-8-oracle/jre/lib/amd64/libzip.so
7f0a83dee000-7f0a83df9000 r-xp 00000000 08:05 13111998                   /lib/x86_64-linux-gnu/libnss_files-2.27.so
7f0a83df9000-7f0a83ff8000 ---p 0000b000 08:05 13111998                   /lib/x86_64-linux-gnu/libnss_files-2.27.so
7f0a83ff8000-7f0a83ff9000 r--p 0000a000 08:05 13111998                   /lib/x86_64-linux-gnu/libnss_files-2.27.so
7f0a83ff9000-7f0a83ffa000 rw-p 0000b000 08:05 13111998                   /lib/x86_64-linux-gnu/libnss_files-2.27.so
7f0a83ffa000-7f0a84000000 rw-p 00000000 00:00 0 
7f0a84000000-7f0a84bb4000 rw-p 00000000 00:00 0 
7f0a84bb4000-7f0a88000000 ---p 00000000 00:00 0 
7f0a88000000-7f0a88001000 r--s 00003000 08:05 14551101                   /usr/share/java/plexus-cipher.jar
7f0a88001000-7f0a88006000 r--s 00026000 08:05 14551141                   /usr/share/java/maven3-model-builder.jar
7f0a88006000-7f0a880be000 rw-p 00000000 00:00 0 
7f0a880be000-7f0a880bf000 ---p 00000000 00:00 0 
7f0a880bf000-7f0a881bf000 rw-p 00000000 00:00 0 
7f0a881bf000-7f0a881d6000 r-xp 00000000 08:05 13111992                   /lib/x86_64-linux-gnu/libnsl-2.27.so
7f0a881d6000-7f0a883d5000 ---p 00017000 08:05 13111992                   /lib/x86_64-linux-gnu/libnsl-2.27.so
7f0a883d5000-7f0a883d6000 r--p 00016000 08:05 13111992                   /lib/x86_64-linux-gnu/libnsl-2.27.so
7f0a883d6000-7f0a883d7000 rw-p 00017000 08:05 13111992                   /lib/x86_64-linux-gnu/libnsl-2.27.so
7f0a883d7000-7f0a883d9000 rw-p 00000000 00:00 0 
7f0a883d9000-7f0a883e4000 r-xp 00000000 08:05 13112009                   /lib/x86_64-linux-gnu/libnss_nis-2.27.so
7f0a883e4000-7f0a885e3000 ---p 0000b000 08:05 13112009                   /lib/x86_64-linux-gnu/libnss_nis-2.27.so
7f0a885e3000-7f0a885e4000 r--p 0000a000 08:05 13112009                   /lib/x86_64-linux-gnu/libnss_nis-2.27.so
7f0a885e4000-7f0a885e5000 rw-p 0000b000 08:05 13112009                   /lib/x86_64-linux-gnu/libnss_nis-2.27.so
7f0a885e5000-7f0a885ed000 r-xp 00000000 08:05 13111994                   /lib/x86_64-linux-gnu/libnss_compat-2.27.so
7f0a885ed000-7f0a887ed000 ---p 00008000 08:05 13111994                   /lib/x86_64-linux-gnu/libnss_compat-2.27.so
7f0a887ed000-7f0a887ee000 r--p 00008000 08:05 13111994                   /lib/x86_64-linux-gnu/libnss_compat-2.27.so
7f0a887ee000-7f0a887ef000 rw-p 00009000 08:05 13111994                   /lib/x86_64-linux-gnu/libnss_compat-2.27.so
7f0a887ef000-7f0a8881a000 r-xp 00000000 08:05 14424126                   /usr/lib/jvm/java-8-oracle/jre/lib/amd64/libjava.so
7f0a8881a000-7f0a88a19000 ---p 0002b000 08:05 14424126                   /usr/lib/jvm/java-8-oracle/jre/lib/amd64/libjava.so
7f0a88a19000-7f0a88a1b000 rw-p 0002a000 08:05 14424126                   /usr/lib/jvm/java-8-oracle/jre/lib/amd64/libjava.so
7f0a88a1b000-7f0a88a28000 r-xp 00000000 08:05 14424131                   /usr/lib/jvm/java-8-oracle/jre/lib/amd64/libverify.so
7f0a88a28000-7f0a88c28000 ---p 0000d000 08:05 14424131                   /usr/lib/jvm/java-8-oracle/jre/lib/amd64/libverify.so
7f0a88c28000-7f0a88c2a000 rw-p 0000d000 08:05 14424131                   /usr/lib/jvm/java-8-oracle/jre/lib/amd64/libverify.so
7f0a88c2a000-7f0a88c31000 r-xp 00000000 08:05 13112049                   /lib/x86_64-linux-gnu/librt-2.27.so
7f0a88c31000-7f0a88e30000 ---p 00007000 08:05 13112049                   /lib/x86_64-linux-gnu/librt-2.27.so
7f0a88e30000-7f0a88e31000 r--p 00006000 08:05 13112049                   /lib/x86_64-linux-gnu/librt-2.27.so
7f0a88e31000-7f0a88e32000 rw-p 00007000 08:05 13112049                   /lib/x86_64-linux-gnu/librt-2.27.so
7f0a88e32000-7f0a88fcf000 r-xp 00000000 08:05 13111971                   /lib/x86_64-linux-gnu/libm-2.27.so
7f0a88fcf000-7f0a891ce000 ---p 0019d000 08:05 13111971                   /lib/x86_64-linux-gnu/libm-2.27.so
7f0a891ce000-7f0a891cf000 r--p 0019c000 08:05 13111971                   /lib/x86_64-linux-gnu/libm-2.27.so
7f0a891cf000-7f0a891d0000 rw-p 0019d000 08:05 13111971                   /lib/x86_64-linux-gnu/libm-2.27.so
7f0a891d0000-7f0a89eac000 r-xp 00000000 08:05 14686119                   /usr/lib/jvm/java-8-oracle/jre/lib/amd64/server/libjvm.so
7f0a89eac000-7f0a8a0ac000 ---p 00cdc000 08:05 14686119                   /usr/lib/jvm/java-8-oracle/jre/lib/amd64/server/libjvm.so
7f0a8a0ac000-7f0a8a186000 rw-p 00cdc000 08:05 14686119                   /usr/lib/jvm/java-8-oracle/jre/lib/amd64/server/libjvm.so
7f0a8a186000-7f0a8a1d1000 rw-p 00000000 00:00 0 
7f0a8a1d1000-7f0a8a3b8000 r-xp 00000000 08:05 13111908                   /lib/x86_64-linux-gnu/libc-2.27.so
7f0a8a3b8000-7f0a8a5b8000 ---p 001e7000 08:05 13111908                   /lib/x86_64-linux-gnu/libc-2.27.so
7f0a8a5b8000-7f0a8a5bc000 r--p 001e7000 08:05 13111908                   /lib/x86_64-linux-gnu/libc-2.27.so
7f0a8a5bc000-7f0a8a5be000 rw-p 001eb000 08:05 13111908                   /lib/x86_64-linux-gnu/libc-2.27.so
7f0a8a5be000-7f0a8a5c2000 rw-p 00000000 00:00 0 
7f0a8a5c2000-7f0a8a5c5000 r-xp 00000000 08:05 13111931                   /lib/x86_64-linux-gnu/libdl-2.27.so
7f0a8a5c5000-7f0a8a7c4000 ---p 00003000 08:05 13111931                   /lib/x86_64-linux-gnu/libdl-2.27.so
7f0a8a7c4000-7f0a8a7c5000 r--p 00002000 08:05 13111931                   /lib/x86_64-linux-gnu/libdl-2.27.so
7f0a8a7c5000-7f0a8a7c6000 rw-p 00003000 08:05 13111931                   /lib/x86_64-linux-gnu/libdl-2.27.so
7f0a8a7c6000-7f0a8a7dc000 r-xp 00000000 08:05 14424018                   /usr/lib/jvm/java-8-oracle/lib/amd64/jli/libjli.so
7f0a8a7dc000-7f0a8a9db000 ---p 00016000 08:05 14424018                   /usr/lib/jvm/java-8-oracle/lib/amd64/jli/libjli.so
7f0a8a9db000-7f0a8a9dc000 rw-p 00015000 08:05 14424018                   /usr/lib/jvm/java-8-oracle/lib/amd64/jli/libjli.so
7f0a8a9dc000-7f0a8a9f6000 r-xp 00000000 08:05 13112041                   /lib/x86_64-linux-gnu/libpthread-2.27.so
7f0a8a9f6000-7f0a8abf5000 ---p 0001a000 08:05 13112041                   /lib/x86_64-linux-gnu/libpthread-2.27.so
7f0a8abf5000-7f0a8abf6000 r--p 00019000 08:05 13112041                   /lib/x86_64-linux-gnu/libpthread-2.27.so
7f0a8abf6000-7f0a8abf7000 rw-p 0001a000 08:05 13112041                   /lib/x86_64-linux-gnu/libpthread-2.27.so
7f0a8abf7000-7f0a8abfb000 rw-p 00000000 00:00 0 
7f0a8abfb000-7f0a8ac22000 r-xp 00000000 08:05 13111880                   /lib/x86_64-linux-gnu/ld-2.27.so
7f0a8ac22000-7f0a8ac23000 r--s 00001000 08:05 14551175                   /usr/share/java/wagon-file.jar
7f0a8ac23000-7f0a8ac28000 r--s 00030000 08:05 14551041                   /usr/share/java/commons-io.jar
7f0a8ac28000-7f0a8ac29000 r--s 0000a000 08:05 14551147                   /usr/share/java/maven3-settings.jar
7f0a8ac29000-7f0a8ac2d000 r--s 00028000 08:05 14551083                   /usr/share/java/maven-resolver-impl.jar
7f0a8ac2d000-7f0a8ac2e000 r--s 00002000 08:05 14551137                   /usr/share/java/maven3-builder-support.jar
7f0a8ac2e000-7f0a8ac32000 r--s 00022000 08:05 14551089                   /usr/share/java/maven-resolver-util.jar
7f0a8ac32000-7f0a8ac36000 r--s 00023000 08:05 14551099                   /usr/share/java/maven-shared-utils.jar
7f0a8ac36000-7f0a8ac3e000 r--s 0006d000 08:05 14551043                   /usr/share/java/commons-lang3.jar
7f0a8ac3e000-7f0a8ad08000 rw-p 00000000 00:00 0 
7f0a8ad08000-7f0a8ad09000 ---p 00000000 00:00 0 
7f0a8ad09000-7f0a8ad0c000 ---p 00000000 00:00 0 
7f0a8ad0c000-7f0a8ae0b000 rw-p 00000000 00:00 0 
7f0a8ae0b000-7f0a8ae0c000 r--s 00006000 08:05 14551144                   /usr/share/java/maven3-repository-metadata.jar
7f0a8ae0c000-7f0a8ae0d000 r--s 00004000 08:05 14551148                   /usr/share/java/maven3-slf4j-provider.jar
7f0a8ae0d000-7f0a8ae10000 r--s 00027000 08:05 14551142                   /usr/share/java/maven3-model.jar
7f0a8ae10000-7f0a8ae12000 r--s 00001000 08:05 14551051                   /usr/share/java/aopalliance-1.0.jar
7f0a8ae12000-7f0a8ae14000 r--s 0000b000 08:05 14551079                   /usr/share/java/wagon-provider-api.jar
7f0a8ae14000-7f0a8ae16000 r--s 0000b000 08:05 14551103                   /usr/share/java/plexus-classworlds.jar
7f0a8ae16000-7f0a8ae1e000 rw-s 00000000 08:05 4862940                    /tmp/hsperfdata_sivangi/1858
7f0a8ae1e000-7f0a8ae1f000 rw-p 00000000 00:00 0 
7f0a8ae1f000-7f0a8ae20000 ---p 00000000 00:00 0 
7f0a8ae20000-7f0a8ae22000 rw-p 00000000 00:00 0 
7f0a8ae22000-7f0a8ae23000 r--p 00027000 08:05 13111880                   /lib/x86_64-linux-gnu/ld-2.27.so
7f0a8ae23000-7f0a8ae24000 rw-p 00028000 08:05 13111880                   /lib/x86_64-linux-gnu/ld-2.27.so
7f0a8ae24000-7f0a8ae25000 rw-p 00000000 00:00 0 
7fff12a3a000-7fff12a5c000 rw-p 00000000 00:00 0                          [stack]
7fff12aac000-7fff12aaf000 r--p 00000000 00:00 0                          [vvar]
7fff12aaf000-7fff12ab1000 r-xp 00000000 00:00 0                          [vdso]
ffffffffff600000-ffffffffff601000 r-xp 00000000 00:00 0                  [vsyscall]

VM Arguments:
jvm_args: -Dclassworlds.conf=/usr/share/maven/bin/m2.conf -Dmaven.home=/usr/share/maven -Dlibrary.jansi.path=/usr/share/maven/lib/jansi-native -Dmaven.multiModuleProjectDirectory=/home/sivangi/Desktop/ibm-w2-matchzone-server/userprofileservice 
java_command: org.codehaus.plexus.classworlds.launcher.Launcher spring-boot:run
java_class_path (initial): /usr/share/maven/boot/plexus-classworlds-2.x.jar
Launcher Type: SUN_STANDARD

Environment Variables:
JAVA_HOME=/usr/lib/jvm/java-8-oracle
PATH=/usr/local/sbin:/usr/local/bin:/usr/sbin:/usr/bin:/sbin:/bin:/usr/games:/usr/local/games:/snap/bin:/usr/lib/jvm/java-8-oracle/bin:/usr/lib/jvm/java-8-oracle/db/bin:/usr/lib/jvm/java-8-oracle/jre/bin
USERNAME=sivangi
LD_LIBRARY_PATH=/opt/google/chrome:/opt/google/chrome/lib
SHELL=/bin/bash
DISPLAY=:0

Signal Handlers:
SIGSEGV: [libjvm.so+0xad2a40], sa_mask[0]=11111111011111111101111111111110, sa_flags=SA_RESTART|SA_SIGINFO
SIGBUS: [libjvm.so+0xad2a40], sa_mask[0]=11111111011111111101111111111110, sa_flags=SA_RESTART|SA_SIGINFO
SIGFPE: [libjvm.so+0x92a610], sa_mask[0]=11111111011111111101111111111110, sa_flags=SA_RESTART|SA_SIGINFO
SIGPIPE: [libjvm.so+0x92a610], sa_mask[0]=11111111011111111101111111111110, sa_flags=SA_RESTART|SA_SIGINFO
SIGXFSZ: [libjvm.so+0x92a610], sa_mask[0]=11111111011111111101111111111110, sa_flags=SA_RESTART|SA_SIGINFO
SIGILL: [libjvm.so+0x92a610], sa_mask[0]=11111111011111111101111111111110, sa_flags=SA_RESTART|SA_SIGINFO
SIGUSR1: SIG_DFL, sa_mask[0]=00000000000000000000000000000000, sa_flags=none
SIGUSR2: [libjvm.so+0x92be70], sa_mask[0]=00000000000000000000000000000000, sa_flags=SA_RESTART|SA_SIGINFO
SIGHUP: [libjvm.so+0x92d270], sa_mask[0]=11111111011111111101111111111110, sa_flags=SA_RESTART|SA_SIGINFO
SIGINT: [libjvm.so+0x92d270], sa_mask[0]=11111111011111111101111111111110, sa_flags=SA_RESTART|SA_SIGINFO
SIGTERM: [libjvm.so+0x92d270], sa_mask[0]=11111111011111111101111111111110, sa_flags=SA_RESTART|SA_SIGINFO
SIGQUIT: [libjvm.so+0x92d270], sa_mask[0]=11111111011111111101111111111110, sa_flags=SA_RESTART|SA_SIGINFO


---------------  S Y S T E M  ---------------

OS:DISTRIB_ID=Ubuntu
DISTRIB_RELEASE=18.04
DISTRIB_CODENAME=bionic
DISTRIB_DESCRIPTION="Ubuntu 18.04.1 LTS"

uname:Linux 4.15.0-33-generic #36-Ubuntu SMP Wed Aug 15 16:00:05 UTC 2018 x86_64
libc:glibc 2.27 NPTL 2.27 
rlimit: STACK 8192k, CORE 0k, NPROC 30471, NOFILE 4096, AS infinity
load average:1.93 1.11 0.96

/proc/meminfo:
MemTotal:        7861224 kB
MemFree:          103808 kB
MemAvailable:      13652 kB
Buffers:             640 kB
Cached:           264632 kB
SwapCached:         4924 kB
Active:          6385428 kB
Inactive:         962440 kB
Active(anon):    6377692 kB
Inactive(anon):   952200 kB
Active(file):       7736 kB
Inactive(file):    10240 kB
Unevictable:         688 kB
Mlocked:             688 kB
SwapTotal:       2097148 kB
SwapFree:              0 kB
Dirty:                48 kB
Writeback:             0 kB
AnonPages:       7080960 kB
Mapped:           173816 kB
Shmem:            247000 kB
Slab:             198044 kB
SReclaimable:      75524 kB
SUnreclaim:       122520 kB
KernelStack:       21536 kB
PageTables:       101604 kB
NFS_Unstable:          0 kB
Bounce:                0 kB
WritebackTmp:          0 kB
CommitLimit:     6027760 kB
Committed_AS:   20532952 kB
VmallocTotal:   34359738367 kB
VmallocUsed:           0 kB
VmallocChunk:          0 kB
HardwareCorrupted:     0 kB
AnonHugePages:         0 kB
ShmemHugePages:        0 kB
ShmemPmdMapped:        0 kB
CmaTotal:              0 kB
CmaFree:               0 kB
HugePages_Total:       0
HugePages_Free:        0
HugePages_Rsvd:        0
HugePages_Surp:        0
Hugepagesize:       2048 kB
DirectMap4k:      524924 kB
DirectMap2M:     7553024 kB
DirectMap1G:           0 kB


CPU:total 4 (initial active 4) (2 cores per cpu, 2 threads per core) family 6 model 61 stepping 4, cmov, cx8, fxsr, mmx, sse, sse2, sse3, ssse3, sse4.1, sse4.2, popcnt, avx, avx2, aes, clmul, erms, rtm, 3dnowpref, lzcnt, ht, tsc, tscinvbit, bmi1, bmi2, adx

/proc/cpuinfo:
processor	: 0
vendor_id	: GenuineIntel
cpu family	: 6
model		: 61
model name	: Intel(R) Core(TM) i5-5300U CPU @ 2.30GHz
stepping	: 4
microcode	: 0x2b
cpu MHz		: 2693.601
cache size	: 3072 KB
physical id	: 0
siblings	: 4
core id		: 0
cpu cores	: 2
apicid		: 0
initial apicid	: 0
fpu		: yes
fpu_exception	: yes
cpuid level	: 20
wp		: yes
flags		: fpu vme de pse tsc msr pae mce cx8 apic sep mtrr pge mca cmov pat pse36 clflush dts acpi mmx fxsr sse sse2 ss ht tm pbe syscall nx pdpe1gb rdtscp lm constant_tsc arch_perfmon pebs bts rep_good nopl xtopology nonstop_tsc cpuid aperfmperf pni pclmulqdq dtes64 monitor ds_cpl vmx smx est tm2 ssse3 sdbg fma cx16 xtpr pdcm pcid sse4_1 sse4_2 x2apic movbe popcnt tsc_deadline_timer aes xsave avx f16c rdrand lahf_lm abm 3dnowprefetch cpuid_fault epb invpcid_single pti ssbd ibrs ibpb stibp tpr_shadow vnmi flexpriority ept vpid fsgsbase tsc_adjust bmi1 hle avx2 smep bmi2 erms invpcid rtm rdseed adx smap intel_pt xsaveopt dtherm ida arat pln pts flush_l1d
bugs		: cpu_meltdown spectre_v1 spectre_v2 spec_store_bypass l1tf
bogomips	: 4589.08
clflush size	: 64
cache_alignment	: 64
address sizes	: 39 bits physical, 48 bits virtual
power management:

processor	: 1
vendor_id	: GenuineIntel
cpu family	: 6
model		: 61
model name	: Intel(R) Core(TM) i5-5300U CPU @ 2.30GHz
stepping	: 4
microcode	: 0x2b
cpu MHz		: 2693.596
cache size	: 3072 KB
physical id	: 0
siblings	: 4
core id		: 0
cpu cores	: 26
apicid		: 1
initial apicid	: 1
fpu		: yes
fpu_exception	: yes
cpuid level	: 20
wp		: yes
flags		: fpu vme de pse tsc msr pae mce cx8 apic sep mtrr pge mca cmov pat pse36 clflush dts acpi mmx fxsr sse sse2 ss ht tm pbe syscall nx pdpe1gb rdtscp lm constant_tsc arch_perfmon pebs bts rep_good nopl xtopology nonstop_tsc cpuid aperfmperf pni pclmulqdq dtes64 monitor ds_cpl vmx smx est tm2 ssse3 sdbg fma cx16 xtpr pdcm pcid sse4_1 sse4_2 x2apic movbe popcnt tsc_deadline_timer aes xsave avx f16c rdrand lahf_lm abm 3dnowprefetch cpuid_fault epb invpcid_single pti ssbd ibrs ibpb stibp tpr_shadow vnmi flexpriority ept vpid fsgsbase tsc_adjust bmi1 hle avx2 smep bmi2 erms invpcid rtm rdseed adx smap intel_pt xsaveopt dtherm ida arat pln pts flush_l1d
bugs		: cpu_meltdown spectre_v1 spectre_v2 spec_store_bypass l1tf
bogomips	: 4589.08
clflush size	: 64
cache_alignment	: 64
address sizes	: 39 bits physical, 48 bits virtual
power management:

processor	: 2
vendor_id	: GenuineIntel
cpu family	: 6
model		: 61
model name	: Intel(R) Core(TM) i5-5300U CPU @ 2.30GHz
stepping	: 4
microcode	: 0x2b
cpu MHz		: 2697.417
cache size	: 3072 KB
physical id	: 0
siblings	: 4
core id		: 1
cpu cores	: 50
apicid		: 2
initial apicid	: 2
fpu		: yes
fpu_exception	: yes
cpuid level	: 20
wp		: yes
flags		: fpu vme de pse tsc msr pae mce cx8 apic sep mtrr pge mca cmov pat pse36 clflush dts acpi mmx fxsr sse sse2 ss ht tm pbe syscall nx pdpe1gb rdtscp lm constant_tsc arch_perfmon pebs bts rep_good nopl xtopology nonstop_tsc cpuid aperfmperf pni pclmulqdq dtes64 monitor ds_cpl vmx smx est tm2 ssse3 sdbg fma cx16 xtpr pdcm pcid sse4_1 sse4_2 x2apic movbe popcnt tsc_deadline_timer aes xsave avx f16c rdrand lahf_lm abm 3dnowprefetch cpuid_fault epb invpcid_single pti ssbd ibrs ibpb stibp tpr_shadow vnmi flexpriority ept vpid fsgsbase tsc_adjust bmi1 hle avx2 smep bmi2 erms invpcid rtm rdseed adx smap intel_pt xsaveopt dtherm ida arat pln pts flush_l1d
bugs		: cpu_meltdown spectre_v1 spectre_v2 spec_store_bypass l1tf
bogomips	: 4589.08
clflush size	: 64
cache_alignment	: 64
address sizes	: 39 bits physical, 48 bits virtual
power management:

processor	: 3
vendor_id	: GenuineIntel
cpu family	: 6
model		: 61
model name	: Intel(R) Core(TM) i5-5300U CPU @ 2.30GHz
stepping	: 4
microcode	: 0x2b
cpu MHz		: 2698.043
cache size	: 3072 KB
physical id	: 0
siblings	: 4
core id		: 1
cpu cores	: 2
apicid		: 3
initial apicid	: 3
fpu		: yes
fpu_exception	: yes
cpuid level	: 20
wp		: yes
flags		: fpu vme de pse tsc msr pae mce cx8 apic sep mtrr pge mca cmov pat pse36 clflush dts acpi mmx fxsr sse sse2 ss ht tm pbe syscall nx pdpe1gb rdtscp lm constant_tsc arch_perfmon pebs bts rep_good nopl xtopology nonstop_tsc cpuid aperfmperf pni pclmulqdq dtes64 monitor ds_cpl vmx smx est tm2 ssse3 sdbg fma cx16 xtpr pdcm pcid sse4_1 sse4_2 x2apic movbe popcnt tsc_deadline_timer aes xsave avx f16c rdrand lahf_lm abm 3dnowprefetch cpuid_fault epb invpcid_single pti ssbd ibrs ibpb stibp tpr_shadow vnmi flexpriority ept vpid fsgsbase tsc_adjust bmi1 hle avx2 smep bmi2 erms invpcid rtm rdseed adx smap intel_pt xsaveopt dtherm ida arat pln pts flush_l1d
bugs		: cpu_meltdown spectre_v1 spectre_v2 spec_store_bypass l1tf
bogomips	: 4589.08
clflush size	: 64
cache_alignment	: 64
address sizes	: 39 bits physical, 48 bits virtual
power management:



Memory: 4k page, physical 7861224k(106976k free), swap 2097148k(0k free)

vm_info: Java HotSpot(TM) 64-Bit Server VM (25.181-b13) for linux-amd64 JRE (1.8.0_181-b13), built on Jul  7 2018 00:56:38 by "java_re" with gcc 4.3.0 20080428 (Red Hat 4.3.0-8)

time: Thu Oct  4 13:11:54 2018
elapsed time: 8 seconds (0d 0h 0m 8s)

